[debug] [2024-11-18T07:16:43.008Z] ----------------------------------------------------------------------
[debug] [2024-11-18T07:16:43.010Z] Command:       /opt/homebrew/Cellar/node/22.9.0_1/bin/node /opt/homebrew/bin/firebase deploy --only functions
[debug] [2024-11-18T07:16:43.010Z] CLI Version:   13.22.0
[debug] [2024-11-18T07:16:43.010Z] Platform:      darwin
[debug] [2024-11-18T07:16:43.010Z] Node Version:  v22.9.0
[debug] [2024-11-18T07:16:43.010Z] Time:          Mon Nov 18 2024 16:16:43 GMT+0900 (Korean Standard Time)
[debug] [2024-11-18T07:16:43.010Z] ----------------------------------------------------------------------
[debug] 
[debug] [2024-11-18T07:16:43.039Z] > command requires scopes: ["email","openid","https://www.googleapis.com/auth/cloudplatformprojects.readonly","https://www.googleapis.com/auth/firebase","https://www.googleapis.com/auth/cloud-platform"]
[debug] [2024-11-18T07:16:43.039Z] > authorizing via signed-in user (spacex81@gmail.com)
[debug] [2024-11-18T07:16:43.039Z] [iam] checking project tentenv9 for permissions ["cloudfunctions.functions.create","cloudfunctions.functions.delete","cloudfunctions.functions.get","cloudfunctions.functions.list","cloudfunctions.functions.update","cloudfunctions.operations.get","firebase.projects.get"]
[debug] [2024-11-18T07:16:43.039Z] Checked if tokens are valid: true, expires at: 1731916877524
[debug] [2024-11-18T07:16:43.039Z] Checked if tokens are valid: true, expires at: 1731916877524
[debug] [2024-11-18T07:16:43.040Z] >>> [apiv2][query] POST https://cloudresourcemanager.googleapis.com/v1/projects/tentenv9:testIamPermissions [none]
[debug] [2024-11-18T07:16:43.040Z] >>> [apiv2][(partial)header] POST https://cloudresourcemanager.googleapis.com/v1/projects/tentenv9:testIamPermissions x-goog-quota-user=projects/tentenv9
[debug] [2024-11-18T07:16:43.040Z] >>> [apiv2][body] POST https://cloudresourcemanager.googleapis.com/v1/projects/tentenv9:testIamPermissions {"permissions":["cloudfunctions.functions.create","cloudfunctions.functions.delete","cloudfunctions.functions.get","cloudfunctions.functions.list","cloudfunctions.functions.update","cloudfunctions.operations.get","firebase.projects.get"]}
[debug] [2024-11-18T07:16:43.841Z] <<< [apiv2][status] POST https://cloudresourcemanager.googleapis.com/v1/projects/tentenv9:testIamPermissions 200
[debug] [2024-11-18T07:16:43.841Z] <<< [apiv2][body] POST https://cloudresourcemanager.googleapis.com/v1/projects/tentenv9:testIamPermissions {"permissions":["cloudfunctions.functions.create","cloudfunctions.functions.delete","cloudfunctions.functions.get","cloudfunctions.functions.list","cloudfunctions.functions.update","cloudfunctions.operations.get","firebase.projects.get"]}
[debug] [2024-11-18T07:16:43.841Z] Checked if tokens are valid: true, expires at: 1731916877524
[debug] [2024-11-18T07:16:43.842Z] Checked if tokens are valid: true, expires at: 1731916877524
[debug] [2024-11-18T07:16:43.842Z] >>> [apiv2][query] POST https://iam.googleapis.com/v1/projects/tentenv9/serviceAccounts/tentenv9@appspot.gserviceaccount.com:testIamPermissions [none]
[debug] [2024-11-18T07:16:43.842Z] >>> [apiv2][body] POST https://iam.googleapis.com/v1/projects/tentenv9/serviceAccounts/tentenv9@appspot.gserviceaccount.com:testIamPermissions {"permissions":["iam.serviceAccounts.actAs"]}
[debug] [2024-11-18T07:16:44.218Z] <<< [apiv2][status] POST https://iam.googleapis.com/v1/projects/tentenv9/serviceAccounts/tentenv9@appspot.gserviceaccount.com:testIamPermissions 200
[debug] [2024-11-18T07:16:44.218Z] <<< [apiv2][body] POST https://iam.googleapis.com/v1/projects/tentenv9/serviceAccounts/tentenv9@appspot.gserviceaccount.com:testIamPermissions {"permissions":["iam.serviceAccounts.actAs"]}
[info] 
[info] === Deploying to 'tentenv9'...
[info] 
[info] i  deploying functions 
[info] Running command: npm --prefix "$RESOURCE_DIR" run build
[info] ✔  functions: Finished running predeploy script. 
[debug] [2024-11-18T07:16:45.528Z] Checked if tokens are valid: true, expires at: 1731916877524
[debug] [2024-11-18T07:16:45.528Z] Checked if tokens are valid: true, expires at: 1731916877524
[debug] [2024-11-18T07:16:45.528Z] >>> [apiv2][query] GET https://firebase.googleapis.com/v1beta1/projects/tentenv9 [none]
[debug] [2024-11-18T07:16:45.984Z] <<< [apiv2][status] GET https://firebase.googleapis.com/v1beta1/projects/tentenv9 200
[debug] [2024-11-18T07:16:45.985Z] <<< [apiv2][body] GET https://firebase.googleapis.com/v1beta1/projects/tentenv9 {"projectId":"tentenv9","projectNumber":"579700523437","displayName":"TentenV9","name":"projects/tentenv9","resources":{"hostingSite":"tentenv9","storageBucket":"tentenv9.appspot.com","locationId":"asia-northeast3"},"state":"ACTIVE","etag":"1_4a1968f8-afcd-4480-b7b5-adbdb0a95e97"}
[info] i  functions: preparing codebase default for deployment 
[info] i  functions: ensuring required API cloudfunctions.googleapis.com is enabled... 
[debug] [2024-11-18T07:16:45.987Z] Checked if tokens are valid: true, expires at: 1731916877524
[debug] [2024-11-18T07:16:45.987Z] Checked if tokens are valid: true, expires at: 1731916877524
[debug] [2024-11-18T07:16:45.987Z] Checked if tokens are valid: true, expires at: 1731916877524
[debug] [2024-11-18T07:16:45.987Z] Checked if tokens are valid: true, expires at: 1731916877524
[info] i  functions: ensuring required API cloudbuild.googleapis.com is enabled... 
[debug] [2024-11-18T07:16:45.988Z] Checked if tokens are valid: true, expires at: 1731916877524
[debug] [2024-11-18T07:16:45.988Z] Checked if tokens are valid: true, expires at: 1731916877524
[info] i  artifactregistry: ensuring required API artifactregistry.googleapis.com is enabled... 
[debug] [2024-11-18T07:16:45.988Z] Checked if tokens are valid: true, expires at: 1731916877524
[debug] [2024-11-18T07:16:45.988Z] Checked if tokens are valid: true, expires at: 1731916877524
[debug] [2024-11-18T07:16:45.988Z] >>> [apiv2][query] GET https://serviceusage.googleapis.com/v1/projects/tentenv9/services/cloudfunctions.googleapis.com [none]
[debug] [2024-11-18T07:16:45.988Z] >>> [apiv2][(partial)header] GET https://serviceusage.googleapis.com/v1/projects/tentenv9/services/cloudfunctions.googleapis.com x-goog-quota-user=projects/tentenv9
[debug] [2024-11-18T07:16:45.990Z] >>> [apiv2][query] GET https://serviceusage.googleapis.com/v1/projects/tentenv9/services/runtimeconfig.googleapis.com [none]
[debug] [2024-11-18T07:16:45.991Z] >>> [apiv2][(partial)header] GET https://serviceusage.googleapis.com/v1/projects/tentenv9/services/runtimeconfig.googleapis.com x-goog-quota-user=projects/tentenv9
[debug] [2024-11-18T07:16:45.992Z] >>> [apiv2][query] GET https://serviceusage.googleapis.com/v1/projects/tentenv9/services/cloudbuild.googleapis.com [none]
[debug] [2024-11-18T07:16:45.992Z] >>> [apiv2][(partial)header] GET https://serviceusage.googleapis.com/v1/projects/tentenv9/services/cloudbuild.googleapis.com x-goog-quota-user=projects/tentenv9
[debug] [2024-11-18T07:16:45.994Z] >>> [apiv2][query] GET https://serviceusage.googleapis.com/v1/projects/tentenv9/services/artifactregistry.googleapis.com [none]
[debug] [2024-11-18T07:16:45.994Z] >>> [apiv2][(partial)header] GET https://serviceusage.googleapis.com/v1/projects/tentenv9/services/artifactregistry.googleapis.com x-goog-quota-user=projects/tentenv9
[debug] [2024-11-18T07:16:47.203Z] <<< [apiv2][status] GET https://serviceusage.googleapis.com/v1/projects/tentenv9/services/runtimeconfig.googleapis.com 200
[debug] [2024-11-18T07:16:47.204Z] <<< [apiv2][body] GET https://serviceusage.googleapis.com/v1/projects/tentenv9/services/runtimeconfig.googleapis.com [omitted]
[debug] [2024-11-18T07:16:47.205Z] <<< [apiv2][status] GET https://serviceusage.googleapis.com/v1/projects/tentenv9/services/cloudbuild.googleapis.com 200
[debug] [2024-11-18T07:16:47.205Z] <<< [apiv2][body] GET https://serviceusage.googleapis.com/v1/projects/tentenv9/services/cloudbuild.googleapis.com [omitted]
[info] ✔  functions: required API cloudbuild.googleapis.com is enabled 
[debug] [2024-11-18T07:16:47.207Z] <<< [apiv2][status] GET https://serviceusage.googleapis.com/v1/projects/tentenv9/services/cloudfunctions.googleapis.com 200
[debug] [2024-11-18T07:16:47.207Z] <<< [apiv2][body] GET https://serviceusage.googleapis.com/v1/projects/tentenv9/services/cloudfunctions.googleapis.com [omitted]
[info] ✔  functions: required API cloudfunctions.googleapis.com is enabled 
[debug] [2024-11-18T07:16:47.216Z] <<< [apiv2][status] GET https://serviceusage.googleapis.com/v1/projects/tentenv9/services/artifactregistry.googleapis.com 200
[debug] [2024-11-18T07:16:47.217Z] <<< [apiv2][body] GET https://serviceusage.googleapis.com/v1/projects/tentenv9/services/artifactregistry.googleapis.com [omitted]
[info] ✔  artifactregistry: required API artifactregistry.googleapis.com is enabled 
[debug] [2024-11-18T07:16:47.217Z] Checked if tokens are valid: true, expires at: 1731916877524
[debug] [2024-11-18T07:16:47.217Z] Checked if tokens are valid: true, expires at: 1731916877524
[debug] [2024-11-18T07:16:47.217Z] >>> [apiv2][query] GET https://firebase.googleapis.com/v1beta1/projects/tentenv9/adminSdkConfig [none]
[debug] [2024-11-18T07:16:48.205Z] <<< [apiv2][status] GET https://firebase.googleapis.com/v1beta1/projects/tentenv9/adminSdkConfig 200
[debug] [2024-11-18T07:16:48.205Z] <<< [apiv2][body] GET https://firebase.googleapis.com/v1beta1/projects/tentenv9/adminSdkConfig {"projectId":"tentenv9","storageBucket":"tentenv9.appspot.com","locationId":"asia-northeast3"}
[debug] [2024-11-18T07:16:48.206Z] Checked if tokens are valid: true, expires at: 1731916877524
[debug] [2024-11-18T07:16:48.206Z] Checked if tokens are valid: true, expires at: 1731916877524
[debug] [2024-11-18T07:16:48.206Z] >>> [apiv2][query] GET https://runtimeconfig.googleapis.com/v1beta1/projects/tentenv9/configs [none]
[debug] [2024-11-18T07:16:49.324Z] <<< [apiv2][status] GET https://runtimeconfig.googleapis.com/v1beta1/projects/tentenv9/configs 200
[debug] [2024-11-18T07:16:49.325Z] <<< [apiv2][body] GET https://runtimeconfig.googleapis.com/v1beta1/projects/tentenv9/configs {}
[debug] [2024-11-18T07:16:49.328Z] Validating nodejs source
[warn] ⚠  functions: package.json indicates an outdated version of firebase-functions. Please upgrade using npm install --save firebase-functions@latest in your functions directory. 
[warn] ⚠  functions: Please note that there will be breaking changes when you upgrade. 
[debug] [2024-11-18T07:16:49.648Z] > [functions] package.json contents: {
  "name": "functions",
  "scripts": {
    "build": "tsc",
    "build:watch": "tsc --watch",
    "serve": "npm run build && firebase emulators:start --only functions",
    "shell": "npm run build && firebase functions:shell",
    "start": "npm run shell",
    "deploy": "firebase deploy --only functions",
    "logs": "firebase functions:log"
  },
  "engines": {
    "node": "18"
  },
  "main": "lib/index.js",
  "dependencies": {
    "@parse/node-apn": "^6.0.1",
    "axios": "^1.7.2",
    "base64url": "^3.0.1",
    "firebase-admin": "^12.1.0",
    "firebase-functions": "^5.0.0",
    "http2-wrapper": "^2.2.1",
    "jsonwebtoken": "^9.0.2",
    "livekit-server-sdk": "^1.2.7",
    "node-apn": "^3.0.0",
    "uuid": "^10.0.0"
  },
  "devDependencies": {
    "@types/node": "^20.14.8",
    "@types/apn": "^2.1.2",
    "@types/uuid": "^10.0.0",
    "ts-node": "^10.9.2",
    "firebase-functions-test": "^3.1.0",
    "typescript": "^4.9.0"
  },
  "private": true
}
[debug] [2024-11-18T07:16:49.648Z] Building nodejs source
[info] i  functions: Loading and analyzing source code for codebase default to determine what to deploy 
[info] i  functions: You are using a version of firebase-functions SDK (5.0.1) that does not have support for the newest Firebase Extensions features. Please update firebase-functions SDK to >=5.1.0 to use them correctly 
[debug] [2024-11-18T07:16:49.648Z] Could not find functions.yaml. Must use http discovery
[debug] [2024-11-18T07:16:49.652Z] Found firebase-functions binary at '/Users/jo/Product/Tenten/TentenV10/functions/node_modules/.bin/firebase-functions'
[info] Serving at port 8781

[debug] [2024-11-18T07:16:49.962Z] Got response from /__/functions.yaml {"endpoints":{"handleLivekitToken":{"platform":"gcfv1","availableMemoryMb":null,"timeoutSeconds":null,"minInstances":null,"maxInstances":null,"ingressSettings":null,"serviceAccountEmail":null,"vpc":null,"region":["asia-northeast3"],"httpsTrigger":{},"entryPoint":"handleLivekitToken"},"handleRegularNotification":{"platform":"gcfv1","availableMemoryMb":null,"timeoutSeconds":null,"minInstances":null,"maxInstances":null,"ingressSettings":null,"serviceAccountEmail":null,"vpc":null,"region":["asia-northeast3"],"httpsTrigger":{},"entryPoint":"handleRegularNotification"},"generateFirebaseToken":{"platform":"gcfv1","availableMemoryMb":null,"timeoutSeconds":null,"minInstances":null,"maxInstances":null,"ingressSettings":null,"serviceAccountEmail":null,"vpc":null,"region":["asia-northeast3"],"httpsTrigger":{},"entryPoint":"generateFirebaseToken"},"generateFirebaseTokenForTest":{"platform":"gcfv1","availableMemoryMb":null,"timeoutSeconds":null,"minInstances":null,"maxInstances":null,"ingressSettings":null,"serviceAccountEmail":null,"vpc":null,"region":["asia-northeast3"],"httpsTrigger":{},"entryPoint":"generateFirebaseTokenForTest"},"deleteUserByUID":{"platform":"gcfv1","availableMemoryMb":null,"timeoutSeconds":null,"minInstances":null,"maxInstances":null,"ingressSettings":null,"serviceAccountEmail":null,"vpc":null,"region":["asia-northeast3"],"httpsTrigger":{},"entryPoint":"deleteUserByUID"},"deleteUserByUIDForTest":{"platform":"gcfv1","availableMemoryMb":null,"timeoutSeconds":null,"minInstances":null,"maxInstances":null,"ingressSettings":null,"serviceAccountEmail":null,"vpc":null,"region":["asia-northeast3"],"httpsTrigger":{},"entryPoint":"deleteUserByUIDForTest"},"notifyAppSyncOnUserUpdate":{"platform":"gcfv1","availableMemoryMb":null,"timeoutSeconds":null,"minInstances":null,"maxInstances":null,"ingressSettings":null,"serviceAccountEmail":null,"vpc":null,"region":["asia-northeast3"],"eventTrigger":{"eventType":"providers/cloud.firestore/eventTypes/document.update","eventFilters":{"resource":"projects/tentenv9/databases/(default)/documents/users/{userId}"},"retry":false},"labels":{},"entryPoint":"notifyAppSyncOnUserUpdate"}},"specVersion":"v1alpha1","requiredAPIs":[]}
[info] i  functions: preparing functions directory for uploading... 
[info] i  functions: packaged /Users/jo/Product/Tenten/TentenV10/functions (102.16 KB) for uploading 
[debug] [2024-11-18T07:16:54.016Z] Checked if tokens are valid: true, expires at: 1731916877524
[debug] [2024-11-18T07:16:54.016Z] Checked if tokens are valid: true, expires at: 1731916877524
[debug] [2024-11-18T07:16:54.016Z] >>> [apiv2][query] GET https://cloudfunctions.googleapis.com/v1/projects/tentenv9/locations/-/functions [none]
[debug] [2024-11-18T07:16:54.809Z] <<< [apiv2][status] GET https://cloudfunctions.googleapis.com/v1/projects/tentenv9/locations/-/functions 200
[debug] [2024-11-18T07:16:54.809Z] <<< [apiv2][body] GET https://cloudfunctions.googleapis.com/v1/projects/tentenv9/locations/-/functions {"functions":[{"name":"projects/tentenv9/locations/asia-northeast3/functions/generateFirebaseTokenForTest","httpsTrigger":{"url":"https://asia-northeast3-tentenv9.cloudfunctions.net/generateFirebaseTokenForTest","securityLevel":"SECURE_ALWAYS"},"status":"ACTIVE","entryPoint":"generateFirebaseTokenForTest","timeout":"60s","availableMemoryMb":256,"serviceAccountEmail":"tentenv9@appspot.gserviceaccount.com","updateTime":"2024-11-18T07:02:39.835Z","versionId":"3","labels":{"deployment-tool":"cli-firebase","firebase-functions-hash":"81b44d9d67a667de9fa241bf5b99a5880a7902ab"},"sourceUploadUrl":"https://storage.googleapis.com/uploads-403176505590.asia-northeast3.cloudfunctions.appspot.com/98a2f862-2f1d-49ad-8ab0-810dd23fd51a.zip","environmentVariables":{"FIREBASE_CONFIG":"{\"projectId\":\"tentenv9\",\"storageBucket\":\"tentenv9.appspot.com\",\"locationId\":\"asia-northeast3\"}","GCLOUD_PROJECT":"tentenv9","EVENTARC_CLOUD_EVENT_SOURCE":"projects/tentenv9/locations/asia-northeast3/functions/generateFirebaseTokenForTest"},"runtime":"nodejs18","ingressSettings":"ALLOW_ALL","buildId":"3d881bd7-74a0-43dc-80a7-4457577bb37d","buildEnvironmentVariables":{"GOOGLE_NODE_RUN_SCRIPTS":""},"buildName":"projects/579700523437/locations/asia-northeast3/builds/3d881bd7-74a0-43dc-80a7-4457577bb37d","dockerRegistry":"ARTIFACT_REGISTRY","automaticUpdatePolicy":{},"buildServiceAccount":"projects/tentenv9/serviceAccounts/579700523437-compute@developer.gserviceaccount.com"},{"name":"projects/tentenv9/locations/asia-northeast3/functions/notifyAppSyncOnUserUpdate","eventTrigger":{"eventType":"providers/cloud.firestore/eventTypes/document.update","resource":"projects/tentenv9/databases/(default)/documents/users/{userId}","service":"firestore.googleapis.com","failurePolicy":{}},"status":"ACTIVE","entryPoint":"notifyAppSyncOnUserUpdate","timeout":"60s","availableMemoryMb":256,"serviceAccountEmail":"tentenv9@appspot.gserviceaccount.com","updateTime":"2024-11-18T07:02:40.671Z","versionId":"9","labels":{"deployment-tool":"cli-firebase","firebase-functions-hash":"81b44d9d67a667de9fa241bf5b99a5880a7902ab"},"sourceUploadUrl":"https://storage.googleapis.com/uploads-403176505590.asia-northeast3.cloudfunctions.appspot.com/98a2f862-2f1d-49ad-8ab0-810dd23fd51a.zip","environmentVariables":{"FIREBASE_CONFIG":"{\"projectId\":\"tentenv9\",\"storageBucket\":\"tentenv9.appspot.com\",\"locationId\":\"asia-northeast3\"}","GCLOUD_PROJECT":"tentenv9","EVENTARC_CLOUD_EVENT_SOURCE":"projects/tentenv9/locations/asia-northeast3/functions/notifyAppSyncOnUserUpdate"},"runtime":"nodejs18","maxInstances":3000,"ingressSettings":"ALLOW_ALL","buildId":"3d881bd7-74a0-43dc-80a7-4457577bb37d","buildEnvironmentVariables":{"GOOGLE_NODE_RUN_SCRIPTS":""},"buildName":"projects/579700523437/locations/asia-northeast3/builds/3d881bd7-74a0-43dc-80a7-4457577bb37d","dockerRegistry":"ARTIFACT_REGISTRY","automaticUpdatePolicy":{},"buildServiceAccount":"projects/tentenv9/serviceAccounts/579700523437-compute@developer.gserviceaccount.com"},{"name":"projects/tentenv9/locations/asia-northeast3/functions/deleteUserByUID","httpsTrigger":{"url":"https://asia-northeast3-tentenv9.cloudfunctions.net/deleteUserByUID","securityLevel":"SECURE_ALWAYS"},"status":"ACTIVE","entryPoint":"deleteUserByUID","timeout":"60s","availableMemoryMb":256,"serviceAccountEmail":"tentenv9@appspot.gserviceaccount.com","updateTime":"2024-11-18T07:02:39.271Z","versionId":"13","labels":{"firebase-functions-hash":"81b44d9d67a667de9fa241bf5b99a5880a7902ab","deployment-tool":"cli-firebase"},"sourceUploadUrl":"https://storage.googleapis.com/uploads-403176505590.asia-northeast3.cloudfunctions.appspot.com/98a2f862-2f1d-49ad-8ab0-810dd23fd51a.zip","environmentVariables":{"FIREBASE_CONFIG":"{\"projectId\":\"tentenv9\",\"storageBucket\":\"tentenv9.appspot.com\",\"locationId\":\"asia-northeast3\"}","GCLOUD_PROJECT":"tentenv9","EVENTARC_CLOUD_EVENT_SOURCE":"projects/tentenv9/locations/asia-northeast3/functions/deleteUserByUID"},"runtime":"nodejs18","ingressSettings":"ALLOW_ALL","buildId":"3d881bd7-74a0-43dc-80a7-4457577bb37d","buildEnvironmentVariables":{"GOOGLE_NODE_RUN_SCRIPTS":""},"buildName":"projects/579700523437/locations/asia-northeast3/builds/3d881bd7-74a0-43dc-80a7-4457577bb37d","dockerRegistry":"ARTIFACT_REGISTRY","automaticUpdatePolicy":{},"buildServiceAccount":"projects/tentenv9/serviceAccounts/579700523437-compute@developer.gserviceaccount.com"},{"name":"projects/tentenv9/locations/asia-northeast3/functions/handleRegularNotification","httpsTrigger":{"url":"https://asia-northeast3-tentenv9.cloudfunctions.net/handleRegularNotification","securityLevel":"SECURE_ALWAYS"},"status":"ACTIVE","entryPoint":"handleRegularNotification","timeout":"60s","availableMemoryMb":256,"serviceAccountEmail":"tentenv9@appspot.gserviceaccount.com","updateTime":"2024-11-18T07:02:41.631Z","versionId":"31","labels":{"deployment-tool":"cli-firebase","firebase-functions-hash":"81b44d9d67a667de9fa241bf5b99a5880a7902ab"},"sourceUploadUrl":"https://storage.googleapis.com/uploads-403176505590.asia-northeast3.cloudfunctions.appspot.com/98a2f862-2f1d-49ad-8ab0-810dd23fd51a.zip","environmentVariables":{"FIREBASE_CONFIG":"{\"projectId\":\"tentenv9\",\"storageBucket\":\"tentenv9.appspot.com\",\"locationId\":\"asia-northeast3\"}","GCLOUD_PROJECT":"tentenv9","EVENTARC_CLOUD_EVENT_SOURCE":"projects/tentenv9/locations/asia-northeast3/functions/handleRegularNotification"},"runtime":"nodejs18","ingressSettings":"ALLOW_ALL","buildId":"3d881bd7-74a0-43dc-80a7-4457577bb37d","buildEnvironmentVariables":{"GOOGLE_NODE_RUN_SCRIPTS":""},"buildName":"projects/579700523437/locations/asia-northeast3/builds/3d881bd7-74a0-43dc-80a7-4457577bb37d","dockerRegistry":"ARTIFACT_REGISTRY","automaticUpdatePolicy":{},"buildServiceAccount":"579700523437-compute@developer.gserviceaccount.com"},{"name":"projects/tentenv9/locations/asia-northeast3/functions/generateFirebaseToken","httpsTrigger":{"url":"https://asia-northeast3-tentenv9.cloudfunctions.net/generateFirebaseToken","securityLevel":"SECURE_ALWAYS"},"status":"ACTIVE","entryPoint":"generateFirebaseToken","timeout":"60s","availableMemoryMb":256,"serviceAccountEmail":"tentenv9@appspot.gserviceaccount.com","updateTime":"2024-11-18T07:02:40.352Z","versionId":"27","labels":{"deployment-tool":"cli-firebase","firebase-functions-hash":"81b44d9d67a667de9fa241bf5b99a5880a7902ab"},"sourceUploadUrl":"https://storage.googleapis.com/uploads-403176505590.asia-northeast3.cloudfunctions.appspot.com/98a2f862-2f1d-49ad-8ab0-810dd23fd51a.zip","environmentVariables":{"FIREBASE_CONFIG":"{\"projectId\":\"tentenv9\",\"storageBucket\":\"tentenv9.appspot.com\",\"locationId\":\"asia-northeast3\"}","GCLOUD_PROJECT":"tentenv9","EVENTARC_CLOUD_EVENT_SOURCE":"projects/tentenv9/locations/asia-northeast3/functions/generateFirebaseToken"},"runtime":"nodejs18","ingressSettings":"ALLOW_ALL","buildId":"3d881bd7-74a0-43dc-80a7-4457577bb37d","buildEnvironmentVariables":{"GOOGLE_NODE_RUN_SCRIPTS":""},"buildName":"projects/579700523437/locations/asia-northeast3/builds/3d881bd7-74a0-43dc-80a7-4457577bb37d","dockerRegistry":"ARTIFACT_REGISTRY","automaticUpdatePolicy":{},"buildServiceAccount":"579700523437-compute@developer.gserviceaccount.com"},{"name":"projects/tentenv9/locations/asia-northeast3/functions/deleteUserByUIDForTest","httpsTrigger":{"url":"https://asia-northeast3-tentenv9.cloudfunctions.net/deleteUserByUIDForTest","securityLevel":"SECURE_ALWAYS"},"status":"ACTIVE","entryPoint":"deleteUserByUIDForTest","timeout":"60s","availableMemoryMb":256,"serviceAccountEmail":"tentenv9@appspot.gserviceaccount.com","updateTime":"2024-11-18T07:02:39.396Z","versionId":"2","labels":{"deployment-tool":"cli-firebase","firebase-functions-hash":"81b44d9d67a667de9fa241bf5b99a5880a7902ab"},"sourceUploadUrl":"https://storage.googleapis.com/uploads-403176505590.asia-northeast3.cloudfunctions.appspot.com/98a2f862-2f1d-49ad-8ab0-810dd23fd51a.zip","environmentVariables":{"FIREBASE_CONFIG":"{\"projectId\":\"tentenv9\",\"storageBucket\":\"tentenv9.appspot.com\",\"locationId\":\"asia-northeast3\"}","GCLOUD_PROJECT":"tentenv9","EVENTARC_CLOUD_EVENT_SOURCE":"projects/tentenv9/locations/asia-northeast3/functions/deleteUserByUIDForTest"},"runtime":"nodejs18","ingressSettings":"ALLOW_ALL","buildId":"3d881bd7-74a0-43dc-80a7-4457577bb37d","buildEnvironmentVariables":{"GOOGLE_NODE_RUN_SCRIPTS":""},"buildName":"projects/579700523437/locations/asia-northeast3/builds/3d881bd7-74a0-43dc-80a7-4457577bb37d","dockerRegistry":"ARTIFACT_REGISTRY","automaticUpdatePolicy":{},"buildServiceAccount":"projects/tentenv9/serviceAccounts/579700523437-compute@developer.gserviceaccount.com"},{"name":"projects/tentenv9/locations/asia-northeast3/functions/handleLivekitToken","httpsTrigger":{"url":"https://asia-northeast3-tentenv9.cloudfunctions.net/handleLivekitToken","securityLevel":"SECURE_ALWAYS"},"status":"ACTIVE","entryPoint":"handleLivekitToken","timeout":"60s","availableMemoryMb":256,"serviceAccountEmail":"tentenv9@appspot.gserviceaccount.com","updateTime":"2024-11-18T07:02:29.422Z","versionId":"29","labels":{"deployment-tool":"cli-firebase","firebase-functions-hash":"81b44d9d67a667de9fa241bf5b99a5880a7902ab"},"sourceUploadUrl":"https://storage.googleapis.com/uploads-403176505590.asia-northeast3.cloudfunctions.appspot.com/98a2f862-2f1d-49ad-8ab0-810dd23fd51a.zip","environmentVariables":{"FIREBASE_CONFIG":"{\"projectId\":\"tentenv9\",\"storageBucket\":\"tentenv9.appspot.com\",\"locationId\":\"asia-northeast3\"}","GCLOUD_PROJECT":"tentenv9","EVENTARC_CLOUD_EVENT_SOURCE":"projects/tentenv9/locations/asia-northeast3/functions/handleLivekitToken"},"runtime":"nodejs18","ingressSettings":"ALLOW_ALL","buildId":"3d881bd7-74a0-43dc-80a7-4457577bb37d","buildEnvironmentVariables":{"GOOGLE_NODE_RUN_SCRIPTS":""},"buildName":"projects/579700523437/locations/asia-northeast3/builds/3d881bd7-74a0-43dc-80a7-4457577bb37d","dockerRegistry":"ARTIFACT_REGISTRY","automaticUpdatePolicy":{},"buildServiceAccount":"579700523437-compute@developer.gserviceaccount.com"}]}
[debug] [2024-11-18T07:16:54.811Z] Checked if tokens are valid: true, expires at: 1731916877524
[debug] [2024-11-18T07:16:54.811Z] Checked if tokens are valid: true, expires at: 1731916877524
[debug] [2024-11-18T07:16:54.812Z] >>> [apiv2][query] GET https://cloudfunctions.googleapis.com/v2/projects/tentenv9/locations/-/functions filter=environment%3D%22GEN_2%22
[debug] [2024-11-18T07:16:56.184Z] <<< [apiv2][status] GET https://cloudfunctions.googleapis.com/v2/projects/tentenv9/locations/-/functions 200
[debug] [2024-11-18T07:16:56.185Z] <<< [apiv2][body] GET https://cloudfunctions.googleapis.com/v2/projects/tentenv9/locations/-/functions {}
[debug] [2024-11-18T07:16:56.190Z] Checked if tokens are valid: true, expires at: 1731916877524
[debug] [2024-11-18T07:16:56.191Z] Checked if tokens are valid: true, expires at: 1731916877524
[debug] [2024-11-18T07:16:56.191Z] >>> [apiv2][query] GET https://firebase.googleapis.com/v1beta1/projects/tentenv9 [none]
[debug] [2024-11-18T07:16:56.568Z] <<< [apiv2][status] GET https://firebase.googleapis.com/v1beta1/projects/tentenv9 200
[debug] [2024-11-18T07:16:56.568Z] <<< [apiv2][body] GET https://firebase.googleapis.com/v1beta1/projects/tentenv9 {"projectId":"tentenv9","projectNumber":"579700523437","displayName":"TentenV9","name":"projects/tentenv9","resources":{"hostingSite":"tentenv9","storageBucket":"tentenv9.appspot.com","locationId":"asia-northeast3"},"state":"ACTIVE","etag":"1_4a1968f8-afcd-4480-b7b5-adbdb0a95e97"}
[debug] [2024-11-18T07:16:56.571Z] Checked if tokens are valid: true, expires at: 1731916877524
[debug] [2024-11-18T07:16:56.571Z] Checked if tokens are valid: true, expires at: 1731916877524
[debug] [2024-11-18T07:16:56.571Z] >>> [apiv2][query] POST https://cloudfunctions.googleapis.com/v1/projects/tentenv9/locations/asia-northeast3/functions:generateUploadUrl [none]
[debug] [2024-11-18T07:16:56.571Z] >>> [apiv2][body] POST https://cloudfunctions.googleapis.com/v1/projects/tentenv9/locations/asia-northeast3/functions:generateUploadUrl {}
